0
2
2
2
1
0
0
0
1
1
0
0
4
0
7
0
4
9
6
1
13
15
9
10
1
17
5
20
2
8
21
17
9
12
18
22
16
24
16
4
16
5
22
12
8
4
29
25
12
29
27
21
31
33
39
30
4
38
2
35
23
32
34
10
32
13
30
9
17
13
12
43
42
42
18
10
22
39
21
1
32
25
19
48
1
19
22
25
23
22
59
13
10
33
52
61
14
69
10
27
62
43
32
18
75
24
50
8
63
30
43
72
26
47
20
69
75
35
62
22
53
73
29
58
32
33
75
45
49
52
75
57
27
63
77
52
16
32
30
56
60
55
16
51
34
71
9
62
41
57
86
6
29
46
32
79
15
48
63
50
51
17
12
77
52
18
45
42
55
38
25
16
1
8
43
28
34
50
59
82
24
65
20
76
71
16
54
51
6
46
86
3
73
98
54
44
25
4
34
46
5
13
114
101
119
73
107
69
84
75
70
3
118
39
119
122
5
30
6
55
112
11
64
125
34
47
119
91
103
0
91
88
52
10
0
84
90
26
126
87
10
19
49
122
7
119
3
46
75
32
47
112
90
137
99
50
43
23
113
95
15
34
136
80
94
15
126
13
12
57
36
112
105
48
70
