C:\Бекжан\Программирование\OLYMP\OTHERS\ALGO\HEAP\HEAP\DEBUG\HEAP.OBJ
C:\Бекжан\Программирование\OLYMP\OTHERS\ALGO\HEAP\HEAP\DEBUG\MAIN.OBJ
C:\БЕКЖАН\ПРОГРАММИРОВАНИЕ\OLYMP\OTHERS\ALGO\HEAP\HEAP\DEBUG\VC110.PDB
C:\Бекжан\Программирование\OLYMP\OTHERS\ALGO\HEAP\DEBUG\HEAP.ILK
C:\Бекжан\Программирование\OLYMP\OTHERS\ALGO\HEAP\DEBUG\HEAP.EXE
C:\БЕКЖАН\ПРОГРАММИРОВАНИЕ\OLYMP\OTHERS\ALGO\HEAP\DEBUG\HEAP.PDB
C:\Бекжан\Программирование\Olymp\Others\Algo\Heap\Heap\Debug\heap.obj
C:\Бекжан\Программирование\Olymp\Others\Algo\Heap\Heap\Debug\Main.obj
C:\Бекжан\Программирование\Olymp\Others\Algo\Heap\Heap\Debug\cl.command.1.tlog
C:\Бекжан\Программирование\Olymp\Others\Algo\Heap\Heap\Debug\CL.read.1.tlog
C:\Бекжан\Программирование\Olymp\Others\Algo\Heap\Heap\Debug\CL.write.1.tlog
C:\Бекжан\Программирование\Olymp\Others\Algo\Heap\Heap\Debug\link-cvtres.read.1.tlog
C:\Бекжан\Программирование\Olymp\Others\Algo\Heap\Heap\Debug\link-cvtres.write.1.tlog
C:\Бекжан\Программирование\Olymp\Others\Algo\Heap\Heap\Debug\link-rc.read.1.tlog
C:\Бекжан\Программирование\Olymp\Others\Algo\Heap\Heap\Debug\link-rc.write.1.tlog
C:\Бекжан\Программирование\Olymp\Others\Algo\Heap\Heap\Debug\link.1448-cvtres.read.1.tlog
C:\Бекжан\Программирование\Olymp\Others\Algo\Heap\Heap\Debug\link.1448-cvtres.write.1.tlog
C:\Бекжан\Программирование\Olymp\Others\Algo\Heap\Heap\Debug\link.1448-rc.read.1.tlog
C:\Бекжан\Программирование\Olymp\Others\Algo\Heap\Heap\Debug\link.1448-rc.write.1.tlog
C:\Бекжан\Программирование\Olymp\Others\Algo\Heap\Heap\Debug\link.1448.read.1.tlog
C:\Бекжан\Программирование\Olymp\Others\Algo\Heap\Heap\Debug\link.1448.write.1.tlog
C:\Бекжан\Программирование\Olymp\Others\Algo\Heap\Heap\Debug\link.command.1.tlog
C:\Бекжан\Программирование\Olymp\Others\Algo\Heap\Heap\Debug\link.read.1.tlog
C:\Бекжан\Программирование\Olymp\Others\Algo\Heap\Heap\Debug\link.write.1.tlog
C:\Бекжан\Программирование\Olymp\Others\Algo\Heap\Heap\Debug\vc110.idb
C:\Бекжан\Программирование\Olymp\Others\Algo\Heap\Heap\Debug\vc110.pdb
C:\Бекжан\Программирование\Olymp\Others\Algo\Heap\Debug\Heap.pdb
C:\Бекжан\Программирование\Olymp\Others\Algo\Heap\Debug\Heap.exe
C:\Бекжан\Программирование\Olymp\Others\Algo\Heap\Debug\Heap.ilk
