1 1 0
2 6 0
3 16 2
4 37 3
5 63 12
6 113 13
7 163 33
8 248 40
9 339 66
10 469 81
11 591 135
12 801 135
13 971 212
14 1221 249
15 1481 319
16 1822 354
17 2112 489
18 2567 511
19 2929 681
20 3475 725
21 3975 876
22 4585 981
23 5115 1233
24 5965 1235
25 6616 1509
26 7466 1660
27 8286 1920
28 9336 2032
29 10178 2437
30 11478 2472
31 12440 2936
32 13805 3091
33 15025 3488
34 16475 3755
35 17775 4275
36 19686 4290
37 21056 4955
38 22866 5292
39 24566 5854
40 26776 6024
41 28458 6843
42 30958 6968
43 32808 7870
44 35370 8190
45 37736 8839
46 40386 9340
47 42596 10420
48 46006 10442
49 48457 11568
50 51712 12038
51 54612 13014
52 58182 13474
53 60992 14851
54 65092 15098
55 68264 16436
56 72514 16862
57 76134 18087
58 80344 18894
59 83826 20604
60 89286 20514
61 93008 22343
62 97818 23268
63 102368 24640
64 107829 25291
65 112249 27176
66 118349 27577
67 122839 29787
68 128929 30599
69 134229 32406
70 140729 33221
71 145771 35705
72 153506 35710
73 158836 38337
74 165686 39664
75 172196 41554
76 179798 42578
77 185898 45333
78 194398 45920
79 200640 49000
80 209506 49694
81 216887 52114
82 225297 53749
83 232187 57151
84 242687 57193
85 250227 60448
86 259477 62249
87 267897 65139
88 278267 66341
89 286189 70256
90 298019 70531
91 306519 74407
92 317649 75927
93 327269 79234
94 338319 81391
95 347731 85469
96 361381 85595
97 370791 90250
98 383046 92352
99 394148 95902
37
