
1 0

4 3

6 2

9 3

12 3

14 2

17 3

19 2

22 3

25 3

27 2

30 3

33 3

35 2

38 3

40 2

43 3

46 3

48 2

51 3

53 2

56 3

59 3

61 2

64 3

67 3

69 2

72 3

74 2

77 3

80 3

82 2

85 3

88 3

90 2

93 3

95 2

98 3

101 3

103 2

106 3

108 2

111 3

114 3

116 2

119 3

122 3

124 2

127 3

129 2

132 3

135 3

137 2

140 3

142 2

145 3

148 3

150 2

153 3

156 3

158 2

161 3

163 2

166 3

169 3

171 2

174 3

177 3

179 2

182 3

184 2

187 3

190 3

192 2

195 3

197 2

200 3

203 3

205 2

208 3

211 3

213 2

216 3

218 2

221 3

224 3

226 2

229 3

232 3

234 2

237 3

239 2

242 3

245 3

247 2

250 3

252 2

255 3

258 3

260 2

263 3

266 3

268 2

271 3

273 2

276 3

279 3

281 2

284 3

286 2

289 3

292 3

294 2

297 3

300 3

302 2

305 3

307 2

310 3

313 3

315 2

318 3

321 3

323 2

326 3

328 2

331 3

334 3

336 2

339 3

341 2

344 3

347 3

349 2

352 3

355 3

357 2

360 3

362 2

365 3

368 3

370 2

373 3

375 2

378 3

381 3

383 2

386 3

389 3

391 2

394 3

396 2

399 3

402 3

404 2

407 3

410 3

412 2

415 3

417 2

420 3

423 3

425 2

428 3

430 2

433 3

436 3

438 2

441 3

444 3

446 2

449 3

451 2

454 3

457 3

459 2

462 3

465 3

467 2

470 3

472 2

475 3

478 3

480 2

483 3

485 2

488 3

491 3

493 2

496 3

499 3
