0
0
0
0
7539
7539
0
0
0
39358
38067
2949
7539
63046
56403
84567
0
10250
111052
0
9060
51864
49776
84725
116709
367
0
8162
11703
10805
0
174235
226703
54642
82960
12752
54642
78205
185646
0
1755
157660
172061
143478
187296
117596
68824
165766
67677
18063
172061
41398
0
12738
4252
121701
41057
71514
8500
259739
26461
26461
295279
261670
159452
71292
64001
255911
31054
232698
159201
42046
158777
271983
293978
132193
49383
180385
271983
109134
310245
129838
33523
7997
273415
400392
233328
197833
42930
321354
61773
9230
88571
219985
208686
158777
237440
293978
56023
208584
402161
287255
113239
363223
261122
26265
307818
160617
207421
198684
142146
90147
393802
336932
28510
198684
383139
143678
34783
27498
99863
377688
156603
405389
418671
411653
434753
282071
10729
223609
384493
173041
432772
281802
146033
278286
308847
316854
55886
34813
389766
359702
439333
237760
237760
206626
123307
338762
90147
402985
90147
34921
52960
24898
73808
131120
67783
462829
470620
129200
109806
32490
4895
562899
33869
214990
28255
72730
90147
480726
120804
175549
420997
235451
133944
580470
228562
235451
19918
580282
308947
54728
449569
112722
11537
64520
427147
11195
466652
171091
607992
124349
219319
67393
125567
611618
108876
372313
616628
612773
163704
107191
383076
124843
509277
496410
0
399997
398053
194758
577028
351445
314654
9230
190331
451416
356413
161360
207715
39548
543590
543590
661191
54182
123768
461399
588196
27422
190331
488899
545728
397015
545728
460538
49214
24269
300980
631292
648854
693713
6536
37544
397573
607068
289751
209004
179695
461816
209004
798150
690490
33609
751226
854066
152779
338558
879624
877243
41281
42098
801536
23150
850886
796077
16575
806213
837750
52008
326289
117890
646796
230541
18086
627839
4553
937088
39302
466708
893733
143146
240763
26012
0
877428
365116
357597
400092
360593
773846
676437
82858
569976
7455
424954
39606
231807
959469
545477
766501
591497
912142
26687
569976
168461
348175
768488
473031
503566
196629
585350
76983
194413
209848
921588
6608
895335
965486
959996
108866
350936
840195
0
352107
34795
226927
699121
944383
8282
955189
483533
110246
949853
282662
83044
31658
62026
1033292
255560
775279
656153
205537
903658
112454
591219
9549
867751
480963
40140
579552
384953
932217
452535
526448
31259
829189
542659
321832
51065
33252
648430
682039
1099
659005
811627
682039
795949
723969
983297
647965
556573
237747
126602
523870
945894
516906
1067964
338305
84911
944734
942692
984391
403543
403543
408666
705778
294839
227831
443223
644521
591310
307585
512759
203536
292908
206281
803979
1085324
1181033
403906
182050
1178955
338339
560987
40369
137421
915398
458330
70316
320508
890686
58071
764177
1330675
74855
601683
1169931
190254
254218
906146
707731
422147
981181
223152
1210355
0
248432
538741
147519
252370
500168
1155192
0
1091794
603197
1037855
73525
1225435
0
1378016
1122458
1420162
526641
576885
48738
204911
217633
169353
985668
771174
1346503
1302353
293265
1079956
1172955
19665
187987
826863
1057648
262883
423573
1271313
1417287
1289041
1370237
815123
375276
204501
1544599
525618
906024
1021056
1439772
552748
1262349
92184
1291520
682532
39366
53885
613893
1008916
231729
131510
525289
954282
1196538
226309
86126
268876
10076
87369
875532
199058
442287
526079
1081429
583464
82349
1167125
1486
1168647
830158
148186
31578
619904
347980
363412
1459290
227167
289858
157849
703473
333286
992695
1375627
1489523
1495699
197674
1136462
276203
935957
574885
1634969
88693
1029332
335866
1461854
124341
145242
1118750
266892
1559199
1592659
708965
1551306
1096990
1699751
1428967
497001
95067
172719
605652
1678242
400838
20632
647933
169297
104329
0
1911697
600178
1772270
115102
373411
957342
583567
692510
1160361
457242
193275
454900
763132
1823576
506810
509189
131219
1815906
1350615
120623
589334
206527
378956
598237
53095
1350615
1727268
836477
880130
1381392
474730
6393
998320
592740
1614169
187326
58109
35393
373297
855895
1561107
11801
174414
229310
928785
1703020
1788266
1685446
648100
3543
1725955
1345770
1510283
363990
103106
1682330
1028006
515167
1710191
0
1852121
713176
1814994
523729
21691
1416104
930033
740566
182069
134480
1694198
1008347
67159
1544624
248984
1554686
1633278
347627
523998
2085636
134457
1778093
1721913
2063086
1618827
1567448
1462870
1115972
912142
813498
1708200
276562
1717624
1570512
704590
111685
476558
966319
196303
2072408
619876
17036
1272965
2090849
662691
378599
583381
217417
2089709
2249586
1062265
370723
236169
1409043
254156
1056315
692523
1074742
251335
1695282
234122
2200350
285115
2181640
930308
63579
217639
2117527
590038
808160
1504863
1159815
954999
596764
1924109
402121
273688
2209241
1446772
540013
148019
1970965
386742
1434274
309088
2314698
13933
1944847
450903
2216561
77345
668224
605743
1503602
1495297
1463718
66763
1149299
624486
747148
846546
66119
289871
931002
73505
247520
325406
284250
822307
824263
266977
269335
1358197
1998959
120663
1532035
1295532
216672
288803
1812688
955849
658798
1861902
2009116
386522
166430
1745185
753435
275903
2305821
1579524
879157
35082
296155
409703
685680
1521254
713307
676331
2485256
565010
593088
22758
954736
483266
111083
1842915
981219
716388
1131323
895351
1282255
755029
1050090
214662
232872
842375
210640
600292
1052617
232950
2411086
510199
1139227
2274238
961605
213451
692745
589076
445632
8419
183985
779848
1910835
1094821
400625
1014892
2433525
818474
278067
2537851
249371
364858
112238
1547695
1616456
332270
2156452
2415595
1392555
1197398
1208082
149324
61729
931018
2279223
1807602
1304866
2188396
128896
914213
446605
657638
1411074
2054933
1459436
1905072
2667219
472620
448763
1397436
461644
1220059
2456376
225137
489959
2596478
1023282
1363437
1551806
2358964
1043237
120540
2411045
113896
210242
16430
1973190
2742670
401534
1299938
2565062
1323980
703536
670778
624029
1997273
190354
2782753
235770
2288162
546420
60855
588675
2405682
528682
453051
1385416
530982
573315
386908
674324
2713956
574307
2729332
883116
2336152
2241949
2790833
2707745
868122
1506509
1944264
2364850
2597537
1469978
1845560
146895
1994157
1214248
2457932
1490473
397990
1067347
2118225
143678
1427846
2286041
725937
1906157
1858814
4672
571849
713528
1661300
1073548
1965750
1978911
1417483
1333123
359918
2873802
2697566
145112
2287753
1993199
2429285
28863
269475
1121419
2726232
518206
1653200
589334
2107540
1270490
444971
1943652
346518
1148670
983066
2969391
2389694
2432628
281595
2827790
1290785
695402
321828
672634
3148499
2290237
3051616
68911
186545
107744
628432
1802760
3077931
455570
474266
2160379
1668928
2823284
2630865
1563049
1478128
3021433
243562
2010682
864742
645030
10475
1044922
3178782
243850
2557735
522206
136362
1829024
1992320
2854767
1224867
2218210
2015974
3239099
800828
134212
1482169
1343600
2548210
1840854
2638003
671407
142287
2189921
2248003
1719364
2361787
336423
173814
2236769
1030215
1338618
1947122
3180556
58070
1437716
784394
3058461
3291020
103907
973203
2931251
8476
25092
3063348
1303213
1955577
2574937
2546677
2663166
1988700
1773131
1794739
829239
25523
1572383
3173506
2748684
334844
2130256
1114156
170134
2458231
276628
1886278
2376962
221136
587987
1201442
892863
3394927
1089187
1698722
1055422
946312
97798
1464563
3025802
496583
812414
1304455
22779
31741
3347726
3140
3469437
792865
15842
52507
8473
1352059
3632299
255336
147756
2554311
2642544
89200
729478
1903640
2004973
824899
404103
279703
2748234
2413286
147263
1032145
3369022
2176926
3586886
253736
3101302
2543099
828240
208591
2216173
971044
1337580
2776393
1061575
2036937
2287423
114025
298861
2352553
2643869
2206239
3719987
700322
731952
2527361
1350009
3461085
1929585
3185702
3428919
3270510
2294592
1963330
1219044
1421836
879297
1203116
473267
102653
320906
1049470
3530841
1196270
403607
3322182
908906
2617267
3006441
1983
3025783
3485744
2536924
874348
1098307
2417087
2762258
3476022
