1000000000
2000000002
2000000006
2000000011
2000000016
2000000022
2000000028
2000000034
2000000040
2000000047
2000000054
2000000061
2000000068
2000000075
2000000082
2000000089
2000000096
2000000104
2000000112
2000000120
2000000128
2000000136
2000000144
2000000152
2000000160
2000000168
2000000176
2000000184
2000000192
2000000200
2000000208
2000000216
2000000224
2000000233
2000000242
2000000251
2000000260
2000000269
2000000278
2000000287
2000000296
2000000305
2000000314
2000000323
2000000332
2000000341
2000000350
2000000359
2000000368
2000000377
2000000386
2000000395
2000000404
2000000413
2000000422
2000000431
2000000440
2000000449
2000000458
2000000467
2000000476
2000000485
2000000494
2000000503
2000000512
2000000522
2000000532
2000000542
2000000552
2000000562
2000000572
2000000582
2000000592
2000000602
2000000612
2000000622
2000000632
2000000642
2000000652
2000000662
2000000672
2000000682
2000000692
2000000702
2000000712
2000000722
2000000732
2000000742
2000000752
2000000762
2000000772
2000000782
2000000792
2000000802
2000000812
2000000822
2000000832
2000000842
2000000852
2000000862
2000000872
2000000882
2000000892
2000000902
2000000912
2000000922
2000000932
2000000942
2000000952
2000000962
2000000972
2000000982
2000000992
2000001002
2000001012
2000001022
2000001032
2000001042
2000001052
2000001062
2000001072
2000001082
2000001092
2000001102
2000001112
2000001122
2000001132
2000001142
2000001152
2000001163
2000001174
2000001185
2000001196
2000001207
2000001218
2000001229
2000001240
2000001251
2000001262
2000001273
2000001284
2000001295
2000001306
2000001317
2000001328
2000001339
2000001350
2000001361
2000001372
2000001383
2000001394
2000001405
2000001416
2000001427
2000001438
2000001449
2000001460
2000001471
2000001482
2000001493
2000001504
2000001515
2000001526
2000001537
2000001548
2000001559
2000001570
2000001581
2000001592
2000001603
2000001614
2000001625
2000001636
2000001647
2000001658
2000001669
2000001680
2000001691
2000001702
2000001713
2000001724
2000001735
2000001746
2000001757
2000001768
2000001779
2000001790
2000001801
2000001812
2000001823
2000001834
2000001845
2000001856
2000001867
2000001878
2000001889
2000001900
2000001911
2000001922
2000001933
2000001944
2000001955
2000001966
2000001977
2000001988
2000001999
2000002010
2000002021
2000002032
2000002043
2000002054
2000002065
2000002076
2000002087
2000002098
2000002109
2000002120
2000002131
2000002142
2000002153
2000002164
2000002175
2000002186
2000002197
2000002208
2000002219
2000002230
2000002241
2000002252
2000002263
2000002274
2000002285
2000002296
2000002307
2000002318
2000002329
2000002340
2000002351
2000002362
2000002373
2000002384
2000002395
2000002406
2000002417
2000002428
2000002439
2000002450
2000002461
2000002472
2000002483
2000002494
2000002505
2000002516
2000002527
2000002538
2000002549
2000002560
2000002572
2000002584
2000002596
2000002608
2000002620
2000002632
2000002644
2000002656
2000002668
2000002680
2000002692
2000002704
2000002716
2000002728
2000002740
2000002752
2000002764
2000002776
2000002788
2000002800
2000002812
2000002824
2000002836
2000002848
2000002860
2000002872
2000002884
2000002896
2000002908
2000002920
2000002932
2000002944
2000002956
2000002968
2000002980
2000002992
2000003004
2000003016
2000003028
2000003040
2000003052
2000003064
2000003076
2000003088
2000003100
2000003112
2000003124
2000003136
2000003148
2000003160
2000003172
2000003184
2000003196
2000003208
2000003220
2000003232
2000003244
2000003256
2000003268
2000003280
2000003292
2000003304
2000003316
2000003328
2000003340
2000003352
2000003364
2000003376
2000003388
2000003400
2000003412
2000003424
2000003436
2000003448
2000003460
2000003472
2000003484
2000003496
2000003508
2000003520
2000003532
2000003544
2000003556
2000003568
2000003580
2000003592
2000003604
2000003616
2000003628
2000003640
2000003652
2000003664
2000003676
2000003688
2000003700
2000003712
2000003724
2000003736
2000003748
2000003760
2000003772
2000003784
2000003796
2000003808
2000003820
2000003832
2000003844
2000003856
2000003868
2000003880
2000003892
2000003904
2000003916
2000003928
2000003940
2000003952
2000003964
2000003976
2000003988
2000004000
2000004012
2000004024
2000004036
2000004048
2000004060
2000004072
2000004084
2000004096
2000004108
2000004120
2000004132
2000004144
2000004156
2000004168
2000004180
2000004192
2000004204
2000004216
2000004228
2000004240
2000004252
2000004264
2000004276
2000004288
2000004300
2000004312
2000004324
2000004336
2000004348
2000004360
2000004372
2000004384
2000004396
2000004408
2000004420
2000004432
2000004444
2000004456
2000004468
2000004480
2000004492
2000004504
2000004516
2000004528
2000004540
2000004552
2000004564
2000004576
2000004588
2000004600
2000004612
2000004624
2000004636
2000004648
2000004660
2000004672
2000004684
2000004696
2000004708
2000004720
2000004732
2000004744
2000004756
2000004768
2000004780
2000004792
2000004804
2000004816
2000004828
2000004840
2000004852
2000004864
2000004876
2000004888
2000004900
2000004912
2000004924
2000004936
2000004948
2000004960
2000004972
2000004984
2000004996
2000005008
2000005020
2000005032
2000005044
2000005056
2000005068
2000005080
2000005092
2000005104
2000005116
2000005128
2000005140
2000005152
2000005164
2000005176
2000005188
2000005200
2000005212
2000005224
2000005236
2000005248
2000005260
2000005272
2000005284
2000005296
2000005308
2000005320
2000005332
2000005344
2000005356
2000005368
2000005380
2000005392
2000005404
2000005416
2000005428
2000005440
2000005452
2000005464
2000005476
2000005488
2000005500
2000005512
2000005524
2000005536
2000005548
2000005560
2000005572
2000005584
2000005596
2000005608
2000005620
2000005632
2000005645
2000005658
2000005671
2000005684
2000005697
2000005710
2000005723
2000005736
2000005749
2000005762
2000005775
2000005788
2000005801
2000005814
2000005827
2000005840
2000005853
2000005866
2000005879
2000005892
2000005905
2000005918
2000005931
2000005944
2000005957
2000005970
2000005983
2000005996
2000006009
2000006022
2000006035
2000006048
2000006061
2000006074
2000006087
2000006100
2000006113
2000006126
2000006139
2000006152
2000006165
2000006178
2000006191
2000006204
2000006217
2000006230
2000006243
2000006256
2000006269
2000006282
2000006295
2000006308
2000006321
2000006334
2000006347
2000006360
2000006373
2000006386
2000006399
2000006412
2000006425
2000006438
2000006451
2000006464
2000006477
2000006490
2000006503
2000006516
2000006529
2000006542
2000006555
2000006568
2000006581
2000006594
2000006607
2000006620
2000006633
2000006646
2000006659
2000006672
2000006685
2000006698
2000006711
2000006724
2000006737
2000006750
2000006763
2000006776
2000006789
2000006802
2000006815
2000006828
2000006841
2000006854
2000006867
2000006880
2000006893
2000006906
2000006919
2000006932
2000006945
2000006958
2000006971
2000006984
2000006997
2000007010
2000007023
2000007036
2000007049
2000007062
2000007075
2000007088
2000007101
2000007114
2000007127
2000007140
2000007153
2000007166
2000007179
2000007192
2000007205
2000007218
2000007231
2000007244
2000007257
2000007270
2000007283
2000007296
2000007309
2000007322
2000007335
2000007348
2000007361
2000007374
2000007387
2000007400
2000007413
2000007426
2000007439
2000007452
2000007465
2000007478
2000007491
2000007504
2000007517
2000007530
2000007543
2000007556
2000007569
2000007582
2000007595
2000007608
2000007621
2000007634
2000007647
2000007660
2000007673
2000007686
2000007699
2000007712
2000007725
2000007738
2000007751
2000007764
2000007777
2000007790
2000007803
2000007816
2000007829
2000007842
2000007855
2000007868
2000007881
2000007894
2000007907
2000007920
2000007933
2000007946
2000007959
2000007972
2000007985
2000007998
2000008011
2000008024
2000008037
2000008050
2000008063
2000008076
2000008089
2000008102
2000008115
2000008128
2000008141
2000008154
2000008167
2000008180
2000008193
2000008206
2000008219
2000008232
2000008245
2000008258
2000008271
2000008284
2000008297
2000008310
2000008323
2000008336
2000008349
2000008362
2000008375
2000008388
2000008401
2000008414
2000008427
2000008440
2000008453
2000008466
2000008479
2000008492
2000008505
2000008518
2000008531
2000008544
2000008557
2000008570
2000008583
2000008596
2000008609
2000008622
2000008635
2000008648
2000008661
2000008674
2000008687
2000008700
2000008713
2000008726
2000008739
2000008752
2000008765
2000008778
2000008791
2000008804
2000008817
2000008830
2000008843
2000008856
2000008869
2000008882
2000008895
2000008908
2000008921
2000008934
2000008947
2000008960
2000008973
2000008986
2000008999
2000009012
2000009025
2000009038
2000009051
2000009064
2000009077
2000009090
2000009103
2000009116
2000009129
2000009142
2000009155
2000009168
2000009181
2000009194
2000009207
2000009220
2000009233
2000009246
2000009259
2000009272
2000009285
2000009298
2000009311
2000009324
2000009337
2000009350
2000009363
2000009376
2000009389
2000009402
2000009415
2000009428
2000009441
2000009454
2000009467
2000009480
2000009493
2000009506
2000009519
2000009532
2000009545
2000009558
2000009571
2000009584
2000009597
2000009610
2000009623
2000009636
2000009649
2000009662
2000009675
2000009688
2000009701
2000009714
2000009727
2000009740
2000009753
2000009766
2000009779
2000009792
2000009805
2000009818
2000009831
2000009844
2000009857
2000009870
2000009883
2000009896
2000009909
2000009922
2000009935
2000009948
2000009961
2000009974
2000009987
2000010000
2000010013
2000010026
2000010039
2000010052
2000010065
2000010078
2000010091
2000010104
2000010117
2000010130
2000010143
2000010156
2000010169
2000010182
2000010195
2000010208
2000010221
2000010234
2000010247
2000010260
2000010273
2000010286
2000010299
2000010312
2000010325
2000010338
2000010351
2000010364
2000010377
2000010390
2000010403
2000010416
2000010429
2000010442
2000010455
2000010468
2000010481
2000010494
2000010507
2000010520
2000010533
2000010546
2000010559
2000010572
2000010585
2000010598
2000010611
2000010624
2000010637
2000010650
2000010663
2000010676
2000010689
2000010702
2000010715
2000010728
2000010741
2000010754
2000010767
2000010780
2000010793
2000010806
2000010819
2000010832
2000010845
2000010858
2000010871
2000010884
2000010897
2000010910
2000010923
2000010936
2000010949
2000010962
2000010975
2000010988
2000011001
2000011014
2000011027
2000011040
2000011053
2000011066
2000011079
2000011092
2000011105
2000011118
2000011131
2000011144
2000011157
2000011170
2000011183
2000011196
2000011209
2000011222
2000011235
2000011248
2000011261
2000011274
2000011287
2000011300
2000011313
2000011326
2000011339
2000011352
2000011365
2000011378
2000011391
2000011404
2000011417
2000011430
2000011443
2000011456
2000011469
2000011482
2000011495
2000011508
2000011521
2000011534
2000011547
2000011560
2000011573
2000011586
2000011599
2000011612
2000011625
2000011638
2000011651
2000011664
2000011677
2000011690
2000011703
2000011716
2000011729
2000011742
2000011755
2000011768
2000011781
2000011794
2000011807
2000011820
2000011833
2000011846
2000011859
2000011872
2000011885
2000011898
2000011911
2000011924
2000011937
2000011950
2000011963
2000011976
2000011989
2000012002
2000012015
2000012028
2000012041
2000012054
2000012067
2000012080
2000012093
2000012106
2000012119
2000012132
2000012145
2000012158
2000012171
2000012184
2000012197
2000012210
2000012223
2000012236
2000012249
2000012262
2000012275
2000012288
2000012302
2000012316
2000012330
2000012344
2000012358
2000012372
2000012386
2000012400
2000012414
2000012428
2000012442
2000012456
2000012470
2000012484
2000012498
2000012512
2000012526
2000012540
2000012554
2000012568
2000012582
2000012596
2000012610
2000012624
2000012638
2000012652
2000012666
2000012680
2000012694
2000012708
2000012722
2000012736
2000012750
2000012764
2000012778
2000012792
2000012806
2000012820
2000012834
2000012848
2000012862
2000012876
2000012890
2000012904
2000012918
2000012932
2000012946
2000012960
2000012974
2000012988
2000013002
2000013016
2000013030
2000013044
2000013058
2000013072
2000013086
2000013100
2000013114
2000013128
2000013142
2000013156
2000013170
2000013184
2000013198
2000013212
2000013226
2000013240
2000013254
2000013268
2000013282
2000013296
2000013310
2000013324
2000013338
2000013352
2000013366
2000013380
2000013394
2000013408
2000013422
2000013436
2000013450
2000013464
2000013478
2000013492
2000013506
2000013520
2000013534
2000013548
2000013562
2000013576
2000013590
2000013604
2000013618
2000013632
2000013646
2000013660
2000013674
2000013688
2000013702
2000013716
2000013730
2000013744
2000013758
2000013772
2000013786
2000013800
2000013814
2000013828
2000013842
2000013856
2000013870
2000013884
2000013898
2000013912
2000013926
2000013940
2000013954
2000013968
2000013982
2000013996
2000014010
2000014024
2000014038
2000014052
2000014066
2000014080
2000014094
2000014108
2000014122
2000014136
2000014150
2000014164
2000014178
2000014192
2000014206
2000014220
2000014234
2000014248
2000014262
2000014276
2000014290
2000014304
2000014318
2000014332
2000014346
2000014360
2000014374
2000014388
2000014402
2000014416
2000014430
2000014444
2000014458
2000014472
2000014486
2000014500
2000014514
2000014528
2000014542
2000014556
2000014570
2000014584
2000014598
2000014612
2000014626
2000014640
2000014654
2000014668
2000014682
2000014696
2000014710
2000014724
2000014738
2000014752
2000014766
2000014780
2000014794
2000014808
2000014822
2000014836
2000014850
2000014864
2000014878
2000014892
2000014906
2000014920
2000014934
2000014948
2000014962
2000014976
2000014990
2000015004
2000015018
2000015032
2000015046
2000015060
2000015074
2000015088
2000015102
2000015116
2000015130
2000015144
2000015158
2000015172
2000015186
2000015200
2000015214
2000015228
2000015242
2000015256
2000015270
2000015284
2000015298
2000015312
2000015326
2000015340
2000015354
2000015368
2000015382
2000015396
2000015410
2000015424
2000015438
2000015452
2000015466
2000015480
2000015494
2000015508
2000015522
2000015536
2000015550
2000015564
2000015578
2000015592
2000015606
2000015620
2000015634
2000015648
2000015662
2000015676
2000015690
2000015704
2000015718
2000015732
2000015746
2000015760
2000015774
2000015788
2000015802
2000015816
2000015830
2000015844
2000015858
2000015872
2000015886
2000015900
2000015914
2000015928
2000015942
2000015956
2000015970
2000015984
2000015998
2000016012
2000016026
2000016040
2000016054
2000016068
2000016082
2000016096
2000016110
2000016124
2000016138
2000016152
2000016166
2000016180
2000016194
2000016208
2000016222
2000016236
2000016250
2000016264
2000016278
2000016292
2000016306
2000016320
2000016334
2000016348
2000016362
2000016376
2000016390
2000016404
2000016418
2000016432
2000016446
2000016460
2000016474
2000016488
2000016502
2000016516
2000016530
2000016544
2000016558
2000016572
2000016586
2000016600
2000016614
2000016628
2000016642
2000016656
2000016670
2000016684
2000016698
2000016712
2000016726
2000016740
2000016754
2000016768
2000016782
2000016796
2000016810
2000016824
2000016838
2000016852
2000016866
2000016880
2000016894
2000016908
2000016922
2000016936
2000016950
2000016964
2000016978
2000016992
2000017006
2000017020
2000017034
2000017048
2000017062
2000017076
2000017090
2000017104
2000017118
2000017132
2000017146
2000017160
2000017174
2000017188
2000017202
2000017216
2000017230
2000017244
2000017258
2000017272
2000017286
2000017300
2000017314
2000017328
2000017342
2000017356
2000017370
2000017384
2000017398
2000017412
2000017426
2000017440
2000017454
2000017468
2000017482
2000017496
2000017510
2000017524
2000017538
2000017552
2000017566
2000017580
2000017594
2000017608
2000017622
2000017636
2000017650
2000017664
2000017678
2000017692
2000017706
2000017720
2000017734
2000017748
2000017762
2000017776
2000017790
2000017804
2000017818
2000017832
2000017846
2000017860
2000017874
2000017888
2000017902
2000017916
2000017930
2000017944
2000017958
2000017972
2000017986
2000018000
2000018014
2000018028
2000018042
2000018056
2000018070
2000018084
2000018098
2000018112
2000018126
2000018140
2000018154
2000018168
2000018182
2000018196
2000018210
2000018224
2000018238
2000018252
2000018266
2000018280
2000018294
2000018308
2000018322
2000018336
2000018350
2000018364
2000018378
2000018392
2000018406
2000018420
2000018434
2000018448
2000018462
2000018476
2000018490
2000018504
2000018518
2000018532
2000018546
2000018560
2000018574
2000018588
2000018602
2000018616
2000018630
2000018644
2000018658
2000018672
2000018686
2000018700
2000018714
2000018728
2000018742
2000018756
2000018770
2000018784
2000018798
2000018812
2000018826
2000018840
2000018854
2000018868
2000018882
2000018896
2000018910
2000018924
2000018938
2000018952
2000018966
2000018980
2000018994
2000019008
2000019022
2000019036
2000019050
2000019064
2000019078
2000019092
2000019106
2000019120
2000019134
2000019148
2000019162
2000019176
2000019190
2000019204
2000019218
2000019232
2000019246
2000019260
2000019274
2000019288
2000019302
2000019316
2000019330
2000019344
2000019358
2000019372
2000019386
2000019400
2000019414
2000019428
2000019442
2000019456
2000019470
2000019484
2000019498
2000019512
2000019526
2000019540
2000019554
2000019568
2000019582
2000019596
2000019610
2000019624
2000019638
2000019652
2000019666
2000019680
2000019694
2000019708
2000019722
2000019736
2000019750
2000019764
2000019778
2000019792
2000019806
2000019820
2000019834
2000019848
2000019862
2000019876
2000019890
2000019904
2000019918
2000019932
2000019946
2000019960
2000019974
2000019988
2000020002
2000020016
2000020030
2000020044
2000020058
2000020072
2000020086
2000020100
2000020114
2000020128
2000020142
2000020156
2000020170
2000020184
2000020198
2000020212
2000020226
2000020240
2000020254
2000020268
2000020282
2000020296
2000020310
2000020324
2000020338
2000020352
2000020366
2000020380
2000020394
2000020408
2000020422
2000020436
2000020450
2000020464
2000020478
2000020492
2000020506
2000020520
2000020534
2000020548
2000020562
2000020576
2000020590
2000020604
2000020618
2000020632
2000020646
2000020660
2000020674
2000020688
2000020702
2000020716
2000020730
2000020744
2000020758
2000020772
2000020786
2000020800
2000020814
2000020828
2000020842
2000020856
2000020870
2000020884
2000020898
2000020912
2000020926
2000020940
2000020954
2000020968
2000020982
2000020996
2000021010
2000021024
2000021038
2000021052
2000021066
2000021080
2000021094
2000021108
2000021122
2000021136
2000021150
2000021164
2000021178
2000021192
2000021206
2000021220
2000021234
2000021248
2000021262
2000021276
2000021290
2000021304
2000021318
2000021332
2000021346
2000021360
2000021374
2000021388
2000021402
2000021416
2000021430
2000021444
2000021458
2000021472
2000021486
2000021500
2000021514
2000021528
2000021542
2000021556
2000021570
2000021584
2000021598
2000021612
2000021626
2000021640
2000021654
2000021668
2000021682
2000021696
2000021710
2000021724
2000021738
2000021752
2000021766
2000021780
2000021794
2000021808
2000021822
2000021836
2000021850
2000021864
2000021878
2000021892
2000021906
2000021920
2000021934
2000021948
2000021962
2000021976
2000021990
2000022004
2000022018
2000022032
2000022046
2000022060
2000022074
2000022088
2000022102
2000022116
2000022130
2000022144
2000022158
2000022172
2000022186
2000022200
2000022214
2000022228
2000022242
2000022256
2000022270
2000022284
2000022298
2000022312
2000022326
2000022340
2000022354
2000022368
2000022382
2000022396
2000022410
2000022424
2000022438
2000022452
2000022466
2000022480
2000022494
2000022508
2000022522
2000022536
2000022550
2000022564
2000022578
2000022592
2000022606
2000022620
2000022634
2000022648
2000022662
2000022676
2000022690
2000022704
2000022718
2000022732
2000022746
2000022760
2000022774
2000022788
2000022802
2000022816
2000022830
2000022844
2000022858
2000022872
2000022886
2000022900
2000022914
2000022928
2000022942
2000022956
2000022970
2000022984
2000022998
2000023012
2000023026
2000023040
2000023054
2000023068
2000023082
2000023096
2000023110
2000023124
2000023138
2000023152
2000023166
2000023180
2000023194
2000023208
2000023222
2000023236
2000023250
2000023264
2000023278
2000023292
2000023306
2000023320
2000023334
2000023348
2000023362
2000023376
2000023390
2000023404
2000023418
2000023432
2000023446
2000023460
2000023474
2000023488
2000023502
2000023516
2000023530
2000023544
2000023558
2000023572
2000023586
2000023600
2000023614
2000023628
2000023642
2000023656
2000023670
2000023684
2000023698
2000023712
2000023726
2000023740
2000023754
2000023768
2000023782
2000023796
2000023810
2000023824
2000023838
2000023852
2000023866
2000023880
2000023894
2000023908
2000023922
2000023936
2000023950
2000023964
2000023978
2000023992
2000024006
2000024020
2000024034
2000024048
2000024062
2000024076
2000024090
2000024104
2000024118
2000024132
2000024146
2000024160
2000024174
2000024188
2000024202
2000024216
2000024230
2000024244
2000024258
2000024272
2000024286
2000024300
2000024314
2000024328
2000024342
2000024356
2000024370
2000024384
2000024398
2000024412
2000024426
2000024440
2000024454
2000024468
2000024482
2000024496
2000024510
2000024524
2000024538
2000024552
2000024566
2000024580
2000024594
2000024608
2000024622
2000024636
2000024650
2000024664
2000024678
2000024692
2000024706
2000024720
2000024734
2000024748
2000024762
2000024776
2000024790
2000024804
2000024818
2000024832
2000024846
2000024860
2000024874
2000024888
2000024902
2000024916
2000024930
2000024944
2000024958
2000024972
2000024986
2000025000
2000025014
2000025028
2000025042
2000025056
2000025070
2000025084
2000025098
2000025112
2000025126
2000025140
2000025154
2000025168
2000025182
2000025196
2000025210
2000025224
2000025238
2000025252
2000025266
2000025280
2000025294
2000025308
2000025322
2000025336
2000025350
2000025364
2000025378
2000025392
2000025406
2000025420
2000025434
2000025448
2000025462
2000025476
2000025490
2000025504
2000025518
2000025532
2000025546
2000025560
2000025574
2000025588
2000025602
2000025616
2000025630
2000025644
2000025658
2000025672
2000025686
2000025700
2000025714
2000025728
2000025742
2000025756
2000025770
2000025784
2000025798
2000025812
2000025826
2000025840
2000025854
2000025868
2000025882
2000025896
2000025910
2000025924
5000027922
6000027925
6000027925
6000027925
6000027925
6000027925
6000027925
6000027925
6000027925
6000027925
6000027925
6000027925
6000027925
6000027925
6000027925
6000027925
6000027925
6000027925
6000027925
6000027925
6000027925
6000027925
6000027925
6000027925
6000027925
6000027925
6000027925
6000027925
6000027925
6000027925
6000027925
6000027925
6000027925
6000027925
6000027925
6000027925
6000027925
6000027925
6000027925
6000027925
6000027925
6000027925
6000027925
6000027925
6000027925
6000027925
6000027925
6000027925
6000027925
6000027925
6000027925
6000027925
6000027925
6000027925
6000027925
6000027925
6000027925
6000027925
6000027925
6000027925
6000027925
6000027925
6000027925
6000027925
6000027925
6000027925
6000027925
6000027925
6000027925
6000027925
6000027925
6000027925
6000027925
6000027925
6000027925
6000027925
6000027925
6000027925
6000027925
6000027925
6000027925
6000027925
6000027925
6000027925
6000027925
6000027925
6000027925
6000027925
6000027925
6000027925
6000027925
6000027925
6000027925
6000027925
6000027925
6000027925
6000027925
6000027925
6000027925
6000027925
6000027925
6000027925
6000027925
6000027925
6000027925
6000027925
6000027925
6000027925
6000027925
6000027925
6000027925
6000027925
6000027925
6000027925
6000027925
6000027925
6000027925
6000027925
6000027925
6000027925
6000027925
6000027925
6000027925
6000027925
6000027925
6000027925
6000027925
6000027925
6000027925
6000027925
6000027925
6000027925
6000027925
6000027925
6000027925
6000027925
6000027925
6000027925
6000027925
6000027925
6000027925
6000027925
6000027925
6000027925
6000027925
6000027925
6000027925
6000027925
6000027925
6000027925
6000027925
6000027925
6000027925
6000027925
6000027925
6000027925
6000027925
6000027925
6000027925
6000027925
6000027925
6000027925
6000027925
6000027925
6000027925
6000027925
6000027925
6000027925
6000027925
6000027925
6000027925
6000027925
6000027925
6000027925
6000027925
6000027925
6000027925
6000027925
6000027925
6000027925
6000027925
6000027925
6000027925
6000027925
6000027925
6000027925
6000027925
6000027925
6000027925
6000027925
6000027925
6000027925
6000027925
6000027925
6000027925
6000027925
6000027925
6000027925
6000027925
6000027925
6000027925
6000027925
6000027925
6000027925
6000027925
6000027925
6000027925
6000027925
6000027925
6000027925
6000027925
6000027925
6000027925
6000027925
6000027925
6000027925
6000027925
6000027925
6000027925
6000027925
6000027925
6000027925
6000027925
6000027925
6000027925
6000027925
6000027925
6000027925
6000027925
6000027925
6000027925
6000027925
6000027925
6000027925
6000027925
6000027925
6000027925
6000027925
6000027925
6000027925
6000027925
6000027925
6000027925
6000027925
6000027925
6000027925
6000027925
6000027925
6000027925
6000027925
6000027925
6000027925
6000027925
6000027925
6000027925
6000027925
6000027925
6000027925
6000027925
6000027925
6000027925
6000027925
6000027925
6000027925
6000027925
6000027925
6000027925
6000027925
6000027925
6000027925
6000027925
6000027925
6000027925
6000027925
6000027925
6000027925
6000027925
6000027925
6000027925
6000027925
6000027925
6000027925
6000027925
6000027925
6000027925
6000027925
6000027925
6000027925
6000027925
6000027925
6000027925
6000027925
6000027925
6000027925
6000027925
6000027925
6000027925
6000027925
6000027925
6000027925
6000027925
6000027925
6000027925
6000027925
6000027925
6000027925
6000027925
6000027925
6000027925
6000027925
6000027925
6000027925
6000027925
6000027925
6000027925
6000027925
6000027925
6000027925
6000027925
6000027925
6000027925
6000027925
6000027925
6000027925
6000027925
6000027925
6000027925
6000027925
6000027925
6000027925
6000027925
6000027925
6000027925
6000027925
6000027925
6000027925
6000027925
6000027925
6000027925
6000027925
6000027925
6000027925
6000027925
6000027925
6000027925
6000027925
6000027925
6000027925
6000027925
6000027925
6000027925
6000027925
6000027925
6000027925
6000027925
6000027925
6000027925
6000027925
6000027925
6000027925
6000027925
6000027925
6000027925
6000027925
6000027925
6000027925
6000027925
6000027925
6000027925
6000027925
6000027925
6000027925
6000027925
6000027925
6000027925
6000027925
6000027925
6000027925
6000027925
6000027925
6000027925
6000027925
6000027925
6000027925
6000027925
6000027925
6000027925
6000027925
6000027925
6000027925
6000027925
6000027925
6000027925
6000027925
6000027925
6000027925
6000027925
6000027925
6000027925
6000027925
6000027925
6000027925
6000027925
6000027925
6000027925
6000027925
6000027925
6000027925
6000027925
6000027925
6000027925
6000027925
6000027925
6000027925
6000027925
6000027925
6000027925
6000027925
6000027925
6000027925
6000027925
6000027925
6000027925
6000027925
6000027925
6000027925
6000027925
6000027925
6000027925
6000027925
6000027925
6000027925
6000027925
6000027925
6000027925
6000027925
6000027925
6000027925
6000027925
6000027925
6000027925
6000027925
6000027925
6000027925
6000027925
6000027925
6000027925
6000027925
6000027925
6000027925
6000027925
6000027925
6000027925
6000027925
6000027925
6000027925
6000027925
6000027925
6000027925
6000027925
6000027925
6000027925
6000027925
6000027925
6000027925
6000027925
6000027925
6000027925
6000027925
6000027925
6000027925
6000027925
6000027925
6000027925
6000027925
6000027925
6000027925
6000027925
6000027925
6000027925
6000027925
6000027925
6000027925
6000027925
6000027925
6000027925
6000027925
6000027925
6000027925
6000027925
6000027925
6000027925
6000027925
6000027925
6000027925
6000027925
6000027925
6000027925
6000027925
6000027925
6000027925
6000027925
6000027925
6000027925
6000027925
6000027925
6000027925
6000027925
6000027925
6000027925
6000027925
6000027925
6000027925
6000027925
6000027925
6000027925
6000027925
6000027925
6000027925
6000027925
6000027925
6000027925
6000027925
6000027925
6000027925
6000027925
6000027925
6000027925
6000027925
6000027925
6000027925
6000027925
6000027925
6000027925
6000027925
6000027925
6000027925
6000027925
6000027925
6000027925
6000027925
6000027925
6000027925
6000027925
6000027925
6000027925
6000027925
6000027925
6000027925
6000027925
6000027925
6000027925
6000027925
6000027925
6000027925
6000027925
6000027925
6000027925
6000027925
6000027925
6000027925
6000027925
6000027925
6000027925
6000027925
6000027925
6000027925
6000027925
6000027925
6000027925
6000027925
6000027925
6000027925
6000027925
6000027925
6000027925
6000027925
6000027925
6000027925
6000027925
6000027925
6000027925
6000027925
6000027925
6000027925
6000027925
6000027925
6000027925
6000027925
6000027925
6000027925
6000027925
6000027925
6000027925
6000027925
6000027925
6000027925
6000027925
6000027925
6000027925
6000027925
6000027925
6000027925
6000027925
6000027925
6000027925
6000027925
6000027925
6000027925
6000027925
6000027925
6000027925
6000027925
6000027925
6000027925
6000027925
6000027925
6000027925
6000027925
6000027925
6000027925
6000027925
6000027925
6000027925
6000027925
6000027925
6000027925
6000027925
6000027925
6000027925
6000027925
6000027925
6000027925
6000027925
6000027925
6000027925
6000027925
6000027925
6000027925
6000027925
6000027925
6000027925
6000027925
6000027925
6000027925
6000027925
6000027925
6000027925
6000027925
6000027925
6000027925
6000027925
6000027925
6000027925
6000027925
6000027925
6000027925
6000027925
6000027925
6000027925
6000027925
6000027925
6000027925
6000027925
6000027925
6000027925
6000027925
6000027925
6000027925
6000027925
6000027925
6000027925
6000027925
6000027925
6000027925
6000027925
6000027925
6000027925
6000027925
6000027925
6000027925
6000027925
6000027925
6000027925
6000027925
6000027925
6000027925
6000027925
6000027925
6000027925
6000027925
6000027925
6000027925
6000027925
6000027925
6000027925
6000027925
6000027925
6000027925
6000027925
6000027925
6000027925
6000027925
6000027925
6000027925
6000027925
6000027925
6000027925
6000027925
6000027925
6000027925
6000027925
6000027925
6000027925
6000027925
6000027925
6000027925
6000027925
6000027925
6000027925
6000027925
6000027925
6000027925
6000027925
6000027925
6000027925
6000027925
6000027925
6000027925
6000027925
6000027925
6000027925
6000027925
6000027925
6000027925
6000027925
6000027925
6000027925
6000027925
6000027925
6000027925
6000027925
6000027925
6000027925
6000027925
6000027925
6000027925
6000027925
6000027925
6000027925
6000027925
6000027925
6000027925
6000027925
6000027925
6000027925
6000027925
6000027925
6000027925
6000027925
6000027925
6000027925
6000027925
6000027925
6000027925
6000027925
6000027925
6000027925
6000027925
6000027925
6000027925
6000027925
6000027925
6000027925
6000027925
6000027925
6000027925
6000027925
6000027925
6000027925
6000027925
6000027925
6000027925
6000027925
6000027925
6000027925
6000027925
6000027925
6000027925
6000027925
6000027925
6000027925
6000027925
6000027925
6000027925
6000027925
6000027925
6000027925
6000027925
6000027925
6000027925
6000027925
6000027925
6000027925
6000027925
6000027925
6000027925
6000027925
6000027925
6000027925
6000027925
6000027925
6000027925
6000027925
6000027925
6000027925
6000027925
6000027925
6000027925
6000027925
6000027925
6000027925
6000027925
6000027925
6000027925
6000027925
6000027925
6000027925
6000027925
6000027925
6000027925
6000027925
6000027925
6000027925
6000027925
6000027925
6000027925
6000027925
6000027925
6000027925
6000027925
6000027925
6000027925
6000027925
6000027925
6000027925
6000027925
6000027925
6000027925
6000027925
6000027925
6000027925
6000027925
6000027925
6000027925
6000027925
6000027925
6000027925
6000027925
6000027925
6000027925
6000027925
6000027925
6000027925
6000027925
6000027925
6000027925
6000027925
6000027925
6000027925
6000027925
6000027925
6000027925
6000027925
6000027925
6000027925
6000027925
6000027925
6000027925
6000027925
6000027925
6000027925
6000027925
6000027925
6000027925
6000027925
6000027925
6000027925
6000027925
6000027925
6000027925
6000027925
6000027925
6000027925
6000027925
6000027925
6000027925
6000027925
6000027925
6000027925
6000027925
6000027925
6000027925
6000027925
6000027925
6000027925
6000027925
6000027925
6000027925
6000027925
6000027925
6000027925
6000027925
6000027925
6000027925
6000027925
6000027925
6000027925
6000027925
6000027925
6000027925
6000027925
6000027925
6000027925
6000027925
6000027925
6000027925
6000027925
6000027925
6000027925
6000027925
6000027925
6000027925
6000027925
6000027925
6000027925
6000027925
6000027925
6000027925
6000027925
6000027925
6000027925
6000027925
6000027925
6000027925
6000027925
6000027925
6000027925
6000027925
6000027925
6000027925
6000027925
6000027925
6000027925
6000027925
6000027925
6000027925
6000027925
6000027925
6000027925
6000027925
6000027925
6000027925
6000027925
6000027925
6000027925
6000027925
6000027925
6000027925
6000027925
6000027925
6000027925
6000027925
6000027925
6000027925
6000027925
6000027925
6000027925
6000027925
6000027925
6000027925
6000027925
6000027925
6000027925
6000027925
6000027925
6000027925
6000027925
6000027925
6000027925
6000027925
6000027925
6000027925
6000027925
6000027925
6000027925
6000027925
6000027925
6000027925
6000027925
6000027925
6000027925
6000027925
6000027925
6000027925
6000027925
6000027925
6000027925
6000027925
6000027925
6000027925
6000027925
6000027925
6000027925
6000027925
6000027925
6000027925
6000027925
6000027925
6000027925
6000027925
6000027925
6000027925
6000027925
6000027925
6000027925
6000027925
6000027925
6000027925
6000027925
6000027925
6000027925
6000027925
6000027925
6000027925
6000027925
6000027925
6000027925
6000027925
6000027925
6000027925
6000027925
6000027925
6000027925
6000027925
6000027925
6000027925
6000027925
6000027925
6000027925
6000027925
6000027925
6000027925
6000027925
6000027925
6000027925
6000027925
6000027925
6000027925
6000027925
6000027925
6000027925
6000027925
6000027925
6000027925
6000027925
6000027925
6000027925
6000027925
6000027925
6000027925
6000027925
6000027925
6000027925
6000027925
6000027925
6000027925
6000027925
6000027925
6000027925
6000027925
6000027925
6000027925
6000027925
6000027925
6000027925
6000027925
6000027925
6000027925
6000027925
6000027925
6000027925
6000027925
6000027925
6000027925
6000027925
6000027925
6000027925
6000027925
6000027925
6000027925
6000027925
6000027925
6000027925
6000027925
6000027925
6000027925
6000027925
6000027925
6000027925
6000027925
6000027925
6000027925
6000027925
6000027925
6000027925
6000027925
6000027925
6000027925
6000027925
6000027925
6000027925
6000027925
6000027925
6000027925
6000027925
6000027925
6000027925
6000027925
6000027925
6000027925
6000027925
6000027925
6000027925
6000027925
6000027925
6000027925
6000027925
6000027925
6000027925
6000027925
6000027925
6000027925
6000027925
6000027925
6000027925
6000027925
6000027925
6000027925
6000027925
6000027925
6000027925
6000027925
6000027925
6000027925
6000027925
6000027925
6000027925
6000027925
6000027925
6000027925
6000027925
6000027925
6000027925
6000027925
6000027925
6000027925
6000027925
6000027925
6000027925
6000027925
6000027925
6000027925
6000027925
6000027925
6000027925
6000027925
6000027925
6000027925
6000027925
6000027925
6000027925
6000027925
6000027925
6000027925
6000027925
6000027925
6000027925
6000027925
6000027925
6000027925
6000027925
6000027925
6000027925
6000027925
6000027925
6000027925
6000027925
6000027925
6000027925
6000027925
6000027925
6000027925
6000027925
6000027925
6000027925
6000027925
6000027925
6000027925
6000027925
6000027925
6000027925
6000027925
6000027925
6000027925
6000027925
6000027925
6000027925
6000027925
6000027925
6000027925
6000027925
6000027925
6000027925
6000027925
6000027925
6000027925
6000027925
6000027925
6000027925
6000027925
6000027925
6000027925
6000027925
6000027925
6000027925
6000027925
6000027925
6000027925
6000027925
6000027925
6000027925
6000027925
6000027925
6000027925
6000027925
6000027925
6000027925
6000027925
6000027925
6000027925
6000027925
6000027925
6000027925
6000027925
6000027925
6000027925
6000027925
6000027925
6000027925
6000027925
6000027925
6000027925
6000027925
6000027925
6000027925
6000027925
6000027925
6000027925
6000027925
6000027925
6000027925
6000027925
6000027925
6000027925
6000027925
6000027925
6000027925
6000027925
6000027925
6000027925
6000027925
6000027925
6000027925
6000027925
6000027925
6000027925
6000027925
6000027925
6000027925
6000027925
6000027925
6000027925
6000027925
6000027925
6000027925
6000027925
6000027925
6000027925
6000027925
6000027925
6000027925
6000027925
6000027925
6000027925
6000027925
6000027925
6000027925
6000027925
6000027925
6000027925
6000027925
6000027925
6000027925
6000027925
6000027925
6000027925
6000027925
6000027925
6000027925
6000027925
6000027925
6000027925
6000027925
6000027925
6000027925
6000027925
6000027925
6000027925
6000027925
6000027925
6000027925
6000027925
6000027925
6000027925
6000027925
6000027925
6000027925
6000027925
6000027925
6000027925
6000027925
6000027925
6000027925
6000027925
6000027925
6000027925
6000027925
6000027925
6000027925
6000027925
6000027925
6000027925
6000027925
6000027925
6000027925
6000027925
6000027925
6000027925
6000027925
6000027925
6000027925
6000027925
6000027925
6000027925
6000027925
6000027925
6000027925
6000027925
6000027925
6000027925
6000027925
6000027925
6000027925
6000027925
6000027925
6000027925
6000027925
6000027925
6000027925
6000027925
6000027925
6000027925
6000027925
6000027925
6000027925
6000027925
6000027925
6000027925
6000027925
6000027925
6000027925
6000027925
6000027925
6000027925
6000027925
6000027925
6000027925
6000027925
6000027925
6000027925
6000027925
6000027925
6000027925
6000027925
6000027925
6000027925
6000027925
6000027925
6000027925
6000027925
6000027925
6000027925
6000027925
6000027925
6000027925
6000027925
6000027925
6000027925
6000027925
6000027925
6000027925
6000027925
6000027925
6000027925
6000027925
6000027925
6000027925
6000027925
6000027925
6000027925
6000027925
6000027925
6000027925
6000027925
6000027925
6000027925
6000027925
6000027925
6000027925
6000027925
6000027925
6000027925
6000027925
6000027925
6000027925
6000027925
6000027925
6000027925
6000027925
6000027925
6000027925
6000027925
6000027925
6000027925
6000027925
6000027925
6000027925
6000027925
6000027925
6000027925
6000027925
6000027925
6000027925
6000027925
6000027925
6000027925
6000027925
6000027925
6000027925
6000027925
6000027925
6000027925
6000027925
6000027925
6000027925
6000027925
6000027925
6000027925
6000027925
6000027925
6000027925
6000027925
6000027925
6000027925
6000027925
6000027925
6000027925
6000027925
6000027925
6000027925
6000027925
6000027925
6000027925
6000027925
6000027925
6000027925
6000027925
6000027925
6000027925
6000027925
6000027925
6000027925
6000027925
6000027925
6000027925
6000027925
6000027925
6000027925
6000027925
6000027925
6000027925
6000027925
6000027925
6000027925
6000027925
6000027925
6000027925
6000027925
6000027925
6000027925
6000027925
6000027925
6000027925
6000027925
6000027925
6000027925
6000027925
6000027925
6000027925
6000027925
6000027925
6000027925
6000027925
6000027925
6000027925
6000027925
6000027925
6000027925
6000027925
6000027925
6000027925
6000027925
6000027925
6000027925
6000027925
6000027925
6000027925
6000027925
6000027925
6000027925
6000027925
6000027925
6000027925
6000027925
6000027925
6000027925
6000027925
6000027925
6000027925
6000027925
6000027925
6000027925
6000027925
6000027925
6000027925
6000027925
6000027925
6000027925
6000027925
6000027925
6000027925
6000027925
6000027925
6000027925
6000027925
6000027925
6000027925
6000027925
6000027925
6000027925
6000027925
6000027925
6000027925
6000027925
6000027925
6000027925
6000027925
6000027925
6000027925
6000027925
6000027925
6000027925
6000027925
6000027925
6000027925
6000027925
6000027925
6000027925
6000027925
6000027925
6000027925
6000027925
6000027925
6000027925
6000027925
6000027925
6000027925
6000027925
6000027925
6000027925
6000027925
6000027925
6000027925
6000027925
6000027925
6000027925
6000027925
6000027925
6000027925
6000027925
6000027925
6000027925
6000027925
6000027925
6000027925
6000027925
6000027925
6000027925
6000027925
6000027925
6000027925
6000027925
6000027925
6000027925
6000027925
6000027925
6000027925
6000027925
6000027925
6000027925
6000027925
6000027925
6000027925
6000027925
6000027925
6000027925
6000027925
6000027925
6000027925
6000027925
6000027925
6000027925
6000027925
6000027925
6000027925
6000027925
6000027925
6000027925
6000027925
6000027925
6000027925
6000027925
6000027925
6000027925
6000027925
6000027925
6000027925
6000027925
6000027925
6000027925
6000027925
6000027925
6000027925
6000027925
6000027925
6000027925
6000027925
6000027925
6000027925
6000027925
6000027925
6000027925
6000027925
6000027925
6000027925
6000027925
6000027925
6000027925
6000027925
6000027925
6000027925
6000027925
6000027925
6000027925
6000027925
6000027925
6000027925
6000027925
6000027925
6000027925
6000027925
6000027925
6000027925
6000027925
6000027925
6000027925
6000027925
6000027925
6000027925
6000027925
6000027925
6000027925
6000027925
6000027925
6000027925
6000027925
6000027925
6000027925
6000027925
6000027925
6000027925
6000027925
6000027925
6000027925
6000027925
6000027925
6000027925
6000027925
6000027925
6000027925
6000027925
6000027925
6000027925
6000027925
6000027925
6000027925
6000027925
6000027925
6000027925
6000027925
6000027925
6000027925
6000027925
6000027925
6000027925
6000027925
6000027925
6000027925
6000027925
6000027925
6000027925
6000027925
6000027925
6000027925
6000027925
6000027925
6000027925
6000027925
6000027925
6000027925
6000027925
6000027925
6000027925
6000027925
6000027925
6000027925
6000027925
6000027925
6000027925
6000027925
6000027925
6000027925
6000027925
6000027925
6000027925
6000027925
6000027925
6000027925
6000027925
6000027925
6000027925
6000027925
6000027925
6000027925
6000027925
6000027925
6000027925
6000027925
6000027925
6000027925
6000027925
6000027925
6000027925
6000027925
6000027925
6000027925
6000027925
6000027925
6000027925
6000027925
6000027925
6000027925
6000027925
6000027925
6000027925
6000027925
6000027925
6000027925
6000027925
6000027925
6000027925
6000027925
6000027925
6000027925
6000027925
6000027925
6000027925
6000027925
6000027925
6000027925
6000027925
6000027925
6000027925
6000027925
6000027925
6000027925
6000027925
6000027925
6000027925
6000027925
6000027925
6000027925
6000027925
6000027925
6000027925
6000027925
6000027925
6000027925
6000027925
6000027925
6000027925
6000027925
6000027925
6000027925
6000027925
6000027925
6000027925
6000027925
6000027925
6000027925
6000027925
6000027925
6000027925
6000027925
6000027925
6000027925
6000027925
6000027925
6000027925
6000027925
6000027925
6000027925
6000027925
6000027925
6000027925
6000027925
6000027925
6000027925
6000027925
6000027925
6000027925
6000027925
6000027925
6000027925
6000027925
6000027925
6000027925
6000027925
6000027925
6000027925
6000027925
6000027925
6000027925
6000027925
6000027925
6000027925
6000027925
6000027925
6000027925
6000027925
6000027925
6000027925
6000027925
6000027925
6000027925
6000027925
6000027925
6000027925
6000027925
6000027925
6000027925
6000027925
6000027925
6000027925
6000027925
6000027925
6000027925
6000027925
6000027925
6000027925
6000027925
6000027925
6000027925
6000027925
6000027925
6000027925
6000027925
6000027925
6000027925
6000027925
6000027925
6000027925
6000027925
6000027925
6000027925
6000027925
6000027925
6000027925
6000027925
6000027925
6000027925
6000027925
6000027925
6000027925
6000027925
6000027925
6000027925
6000027925
6000027925
6000027925
6000027925
6000027925
6000027925
6000027925
6000027925
6000027925
6000027925
6000027925
6000027925
6000027925
6000027925
6000027925
6000027925
6000027925
6000027925
6000027925
6000027925
6000027925
6000027925
6000027925
6000027925
6000027925
6000027925
6000027925
6000027925
6000027925
6000027925
6000027925
6000027925
6000027925
6000027925
6000027925
6000027925
6000027925
6000027925
6000027925
6000027925
6000027925
6000027925
6000027925
6000027925
6000027925
6000027925
6000027925
6000027925
6000027925
6000027925
6000027925
6000027925
6000027925
6000027925
6000027925
6000027925
6000027925
6000027925
6000027925
6000027925
6000027925
6000027925
6000027925
